APT11  PAL    KL,SYS	16-Mar-80	P1856
			16-Mar-80	P1840
			16-Mar-80	P1774
			16-Mar-80	P1767
			21-Jan-77	P843
			21-Jan-77	P840
			17-Apr-76	P689
			17-Apr-76	P686
BEG11  PAL    KL,SYS	 9-Aug-80	P1856
			 9-Aug-80	P1840
			 9-Aug-80	P1774
			 9-Aug-80	P1767
			20-Jan-78	P1059
			20-Jan-78	P1055
			 3-Jan-78	P1046
			 3-Jan-78	P1043
			13-Oct-77	P993
			13-Oct-77	P990
			 7-Jan-77	P834
			 7-Jan-77	P830
			17-Apr-76	P689
			17-Apr-76	P686
BOOT   PAL    KL,SYS	29-Jun-80	P1856
			29-Jun-80	P1840
			29-Jun-80	P1774
			29-Jun-80	P1767
			21-Jan-77	P843
			21-Jan-77	P840
			30-Nov-76	P811
			30-Nov-76	P805
			30-May-76	P707
			30-May-76	P704
BPNT11 PAL    KL,SYS	17-Apr-76	P1856
			17-Apr-76	P1840
			17-Apr-76	P689
			17-Apr-76	P686
BR11   PAL    KL,SYS	30-Jun-80	P1856
			30-Jun-80	P1840
			30-Jun-80	P1774
			30-Jun-80	P1767
			24-Apr-78	P1125
			24-Apr-78	P1120
			23-Jan-78	P1059
			23-Jan-78	P1055
			 9-Nov-77	P1017
			 9-Nov-77	P1009
			26-Jan-77	P847
			26-Jan-77	P843
			25-May-76	P704
			25-May-76	P701
			27-Apr-76	P692
			27-Apr-76	P689
			17-Apr-76	P686
CDMP11 PAL    KL,SYS	17-Apr-76	P1856
			17-Apr-76	P1840
			17-Apr-76	P689
			17-Apr-76	P686
CONS11 PAL    KL,SYS	21-Feb-82	P2212
			21-Feb-82	P2209
			 5-Nov-80	P1856
			 5-Nov-80	P1840
			 5-Nov-80	P1820
			 5-Nov-80	P1810
			 6-Jul-80	P1774
			 6-Jul-80	P1767
			24-Jun-79	P1487
			24-Jun-79	P1478
			25-Apr-78	P1125
			25-Apr-78	P1120
			20-Jan-78	P1059
			20-Jan-78	P1055
			25-Nov-77	P1023
			25-Nov-77	P1017
			 9-Nov-77	P1009
			31-Oct-77	P1003
			13-Oct-77	P993
			13-Oct-77	P990
			 4-Oct-77	P986
			31-Jan-77	P847
			31-Jan-77	P843
			14-Dec-76	P820
			14-Dec-76	P816
			30-May-76	P707
			30-May-76	P704
			30-Apr-76	P692
DDT    BIN    KL,SYS	16-Dec-76	P1856
			16-Dec-76	P1840
			16-Dec-76	P825
			16-Dec-76	P820
			29-Nov-76	P811
			29-Nov-76	P805
			26-May-76	P704
			26-May-76	P701
			27-Apr-76	P692
			27-Apr-76	P689
DEPTST PAL    KL,SYS	19-Apr-76	P689
			19-Apr-76	P686
DIAG   LST    KL,SYS	15-Mar-77	P1856
			15-Mar-77	P1840
			15-Mar-77	P871
			15-Mar-77	P866
DTA11  PAL    KL,SYS	29-Apr-80	P1856
			29-Apr-80	P1840
			29-Apr-80	P1774
			29-Apr-80	P1767
			17-Mar-77	P876
			17-Mar-77	P871
			21-Jan-77	P843
			21-Jan-77	P840
			30-May-76	P707
			30-May-76	P704
			23-Apr-76	P692
			23-Apr-76	P689
FD11   PAL    KL,SYS	16-Mar-80	P1856
			16-Mar-80	P1840
			16-Mar-80	P1774
			16-Mar-80	P1767
			17-Apr-76	P689
			17-Apr-76	P686
FLOPPY PAL    KL,SYS	17-Apr-76	P1856
			17-Apr-76	P1840
			17-Apr-76	P689
			17-Apr-76	P686
FOO    BIN    KL,SYS	 3-Jun-76	P707
			 3-Jun-76	P704
KLDCP  BIN    KL,SYS	26-May-81	P2523
			26-May-81	P2518
			21-Feb-82	P2212
			21-Feb-82	P2209
			26-May-81	P2055
			26-May-81	P2048
			18-Jan-81	P1887
			18-Jan-81	P1881
			 5-Nov-80	P1840
			 5-Nov-80	P1820
			 5-Nov-80	P1810
			 4-Sep-80	P1774
			 4-Sep-80	P1767
			25-Jun-79	P1487
			25-Jun-79	P1478
			31-Oct-77	P1003
			31-Jan-77	P843
			16-Dec-76	P825
			16-Dec-76	P820
			30-Nov-76	P811
			30-Nov-76	P805
			 3-Jun-76	P707
			 3-Jun-76	P704
			30-Apr-76	P692
KLDCP  L11    KL,SYS	26-May-81	P2055
			26-May-81	P2048
			19-Feb-81	P1924
			19-Feb-81	P1916
			17-Jan-81	P1887
			17-Jan-81	P1881
			 5-Nov-80	P1840
			 5-Nov-80	P1820
			 5-Nov-80	P1810
			 4-Sep-80	P1774
			 4-Sep-80	P1767
			 9-Aug-80	P1749
			 9-Aug-80	P1746
KLDCP  PAL    KL,SYS	19-Feb-82	P2212
			19-Feb-82	P2209
			 3-Aug-81	P2062
			 3-Aug-81	P2055
			17-Jan-81	P1887
			17-Jan-81	P1881
			 4-Jul-80	P1840
			 4-Jul-80	P1774
			 4-Jul-80	P1767
			 9-Nov-77	P1017
			 9-Nov-77	P1009
			13-Oct-77	P993
			13-Oct-77	P990
			 5-Oct-77	P986
			20-Jan-77	P843
			20-Jan-77	P840
			 6-Jan-77	P830
			29-Nov-76	P811
			29-Nov-76	P805
			25-May-76	P704
			25-May-76	P701
			13-May-76	P695
			29-Apr-76	P692
			29-Apr-76	P689
KLDCPN BIN    KL,SYS	19-Feb-81	P1924
			19-Feb-81	P1916
KLDCPO BIN    KL,SYS	19-Feb-81	P2055
			19-Feb-81	P2048
KLDCPO L11    KL,SYS	19-Feb-81	P2055
			19-Feb-81	P2048
			17-Jan-81	P1916
			17-Jan-81	P1908
KLDCPO PAL    KL,SYS	17-Jan-81	P2055
			17-Jan-81	P2048
KLDCPU BIN    KL,SYS	30-May-76	P707
			30-May-76	P704
KLDCPU PAL    KL,SYS	25-May-76	P1856
			25-May-76	P1840
			25-May-76	P704
			25-May-76	P701
			13-May-76	P698
			13-May-76	P695
KLDCPX BIN    KL,SYS	21-Feb-82	P2523
			21-Feb-82	P2518
			26-May-81	P2003
			26-May-81	P1998
			19-Jan-81	P1887
			19-Jan-81	P1881
KLDCPX L11    KL,SYS	21-Feb-82	P2212
			21-Feb-82	P2209
			26-May-81	P2003
			26-May-81	P1998
			19-Jan-81	P1887
			19-Jan-81	P1881
KLDCPX PAL    KL,SYS	22-May-81	P2003
			22-May-81	P1998
KLDCU1 PAL    KL,SYS	30-May-76	P1856
			30-May-76	P1840
			30-May-76	P712
			30-May-76	P709
			30-May-76	P707
			30-May-76	P704
			13-May-76	P698
			13-May-76	P695
M873YD PAL    KL,SYS	29-Mar-80	P1856
			29-Mar-80	P1840
			29-Mar-80	P1671
			29-Mar-80	P1662
			20-Jul-78	P1185
			20-Jul-78	P1179
			27-Apr-76	P692
			27-Apr-76	P689
			18-Apr-76	P686
OKLDCP BIN    KL,SYS	12-Jan-81	P1881
			12-Jan-81	P1874
OKLDCP L11    KL,SYS	 5-Nov-80	P1864
			 5-Nov-80	P1856
PRM11  PAL    KL,SYS	 8-Dec-83	P2513
			 8-Dec-83	P2509
			10-Jun-80	P1856
			10-Jun-80	P1840
			10-Jun-80	P1774
			10-Jun-80	P1767
			 4-Oct-77	P990
			 4-Oct-77	P986
			16-Aug-77	P963
			16-Aug-77	P958
			 6-Apr-77	P884
			 6-Apr-77	P880
			21-Jan-77	P843
			21-Jan-77	P840
			26-Sep-76	P774
			26-Sep-76	P770
			25-May-76	P704
			25-May-76	P701
			26-Apr-76	P692
			26-Apr-76	P689
			22-Apr-76	P686
QMP11  PAL    KL,SYS	21-Feb-82	P2212
			21-Feb-82	P2209
			26-May-81	P2055
			26-May-81	P2048
			19-Feb-81	P1924
			19-Feb-81	P1916
			18-Jan-81	P1887
			18-Jan-81	P1881
			 4-Sep-80	P1840
			 4-Sep-80	P1774
			 4-Sep-80	P1767
RDTAP  PAL    KL,SYS	18-Apr-76	P1856
			18-Apr-76	P1840
			18-Apr-76	P689
			18-Apr-76	P686
RP0411 PAL    KL,SYS	25-May-76	P1856
			25-May-76	P1840
			25-May-76	P704
			25-May-76	P701
			17-Apr-76	P689
			17-Apr-76	P686
SBST11 PAL    KL,SYS	21-Feb-82	P2212
			21-Feb-82	P2209
			22-May-81	P2003
			22-May-81	P1998
			19-Feb-81	P1924
			19-Feb-81	P1916
			17-Jan-81	P1887
			17-Jan-81	P1881
			17-Aug-80	P1840
			17-Aug-80	P1774
			17-Aug-80	P1767
			24-Apr-78	P1125
			24-Apr-78	P1120
			 9-Nov-77	P1017
			 9-Nov-77	P1009
			21-Jan-77	P843
			21-Jan-77	P840
			29-Nov-76	P811
			29-Nov-76	P805
			26-May-76	P704
			26-May-76	P701
			13-May-76	P695
			27-Apr-76	P692
			27-Apr-76	P689
SKLDCP BIN    KL,SYS	30-Apr-76	P692
SUB11  PAL    KL,SYS	 3-Nov-80	P1856
			 3-Nov-80	P1840
			 3-Nov-80	P1820
			 3-Nov-80	P1810
			 5-Jul-80	P1774
			 5-Jul-80	P1767
			29-Apr-78	P1129
			29-Apr-78	P1125
			20-Jan-78	P1059
			20-Jan-78	P1055
			 9-Nov-77	P1017
			 9-Nov-77	P1009
			24-Mar-77	P876
			24-Mar-77	P871
			 6-Feb-77	P852
			 6-Feb-77	P847
			31-Jan-77	P843
			21-Jan-77	P840
			25-May-76	P704
			25-May-76	P701
			11-May-76	P695
			27-Apr-76	P692
			27-Apr-76	P689
			22-Apr-76	P686
TIME   PAL    KL,SYS	 6-Nov-77	P1856
			 6-Nov-77	P1840
			 6-Nov-77	P1017
			 6-Nov-77	P1009
UDDT   BIN    KL,SYS	 6-Apr-77	P884
			 6-Apr-77	P880
UDDT   PAL    KL,SYS	 6-Apr-77	P1856
			 6-Apr-77	P1840
			 6-Apr-77	P884
			 6-Apr-77	P880
11LST  BIN    KL,SYS	31-Jan-77	P843
11LST  PAL    KL,SYS	31-Jan-77	P1856
			31-Jan-77	P1840
			31-Jan-77	P847
			31-Jan-77	P843
